{"/Users/yasmakka/Documents/DemoWorkspace/WeatherForecastApp/App.js": {"path":"/Users/yasmakka/Documents/DemoWorkspace/WeatherForecastApp/App.js","statementMap":{"0":{"start":{"line":1,"column":42},"end":{"line":1,"column":97}},"1":{"start":{"line":1,"column":98},"end":{"line":1,"column":160}},"2":{"start":{"line":1,"column":160},"end":{"line":1,"column":185}},"3":{"start":{"line":1,"column":198},"end":{"line":1,"column":238}},"4":{"start":{"line":2,"column":18},"end":{"line":2,"column":80}},"5":{"start":{"line":3,"column":18},"end":{"line":3,"column":40}},"6":{"start":{"line":4,"column":13},"end":{"line":4,"column":29}},"7":{"start":{"line":5,"column":18},"end":{"line":5,"column":64}},"8":{"start":{"line":6,"column":20},"end":{"line":6,"column":68}},"9":{"start":{"line":7,"column":19},"end":{"line":7,"column":42}},"10":{"start":{"line":8,"column":22},"end":{"line":8,"column":92}},"11":{"start":{"line":8,"column":105},"end":{"line":8,"column":109}},"12":{"start":{"line":8,"column":125},"end":{"line":8,"column":199}},"13":{"start":{"line":10,"column":18},"end":{"line":11,"column":37}},"14":{"start":{"line":14,"column":13},"end":{"line":14,"column":64}},"15":{"start":{"line":16,"column":12},"end":{"line":16,"column":98}},"16":{"start":{"line":18,"column":10},"end":{"line":25,"column":1}},"17":{"start":{"line":19,"column":2},"end":{"line":21,"column":161}},"18":{"start":{"line":26,"column":0},"end":{"line":26,"column":3}},"19":{"start":{"line":26,"column":4},"end":{"line":26,"column":31}}},"fnMap":{"0":{"name":"App","decl":{"start":{"line":18,"column":19},"end":{"line":18,"column":22}},"loc":{"start":{"line":18,"column":25},"end":{"line":25,"column":1}},"line":18}},"branchMap":{},"s":{"0":1,"1":1,"2":1,"3":1,"4":1,"5":1,"6":1,"7":1,"8":1,"9":1,"10":1,"11":1,"12":1,"13":1,"14":1,"15":1,"16":1,"17":1,"18":1,"19":1},"f":{"0":1},"b":{},"inputSourceMap":null,"_coverageSchema":"1a1c01bbd47fc00a2c39e90264f33305004495a9","hash":"03673b3bb43eeceb287fe2ad7016114f29386ebf"}
,"/Users/yasmakka/Documents/DemoWorkspace/WeatherForecastApp/api.js": {"path":"/Users/yasmakka/Documents/DemoWorkspace/WeatherForecastApp/api.js","statementMap":{"0":{"start":{"line":1,"column":13},"end":{"line":1,"column":75}},"1":{"start":{"line":1,"column":75},"end":{"line":1,"column":100}},"2":{"start":{"line":1,"column":110},"end":{"line":3,"column":45}},"3":{"start":{"line":6,"column":0},"end":{"line":6,"column":3}},"4":{"start":{"line":6,"column":4},"end":{"line":6,"column":31}}},"fnMap":{},"branchMap":{},"s":{"0":4,"1":4,"2":4,"3":4,"4":4},"f":{},"b":{},"inputSourceMap":null,"_coverageSchema":"1a1c01bbd47fc00a2c39e90264f33305004495a9","hash":"194e0e1bc9188bac7489f8cdfdceeaf03ec3a503"}
,"/Users/yasmakka/Documents/DemoWorkspace/WeatherForecastApp/src/component/Weather.js": {"path":"/Users/yasmakka/Documents/DemoWorkspace/WeatherForecastApp/src/component/Weather.js","statementMap":{"0":{"start":{"line":1,"column":42},"end":{"line":1,"column":97}},"1":{"start":{"line":1,"column":98},"end":{"line":1,"column":160}},"2":{"start":{"line":1,"column":160},"end":{"line":1,"column":185}},"3":{"start":{"line":1,"column":198},"end":{"line":1,"column":238}},"4":{"start":{"line":2,"column":19},"end":{"line":2,"column":42}},"5":{"start":{"line":3,"column":27},"end":{"line":3,"column":59}},"6":{"start":{"line":4,"column":16},"end":{"line":4,"column":85}},"7":{"start":{"line":5,"column":14},"end":{"line":5,"column":68}},"8":{"start":{"line":6,"column":13},"end":{"line":6,"column":62}},"9":{"start":{"line":7,"column":14},"end":{"line":7,"column":55}},"10":{"start":{"line":7,"column":68},"end":{"line":7,"column":72}},"11":{"start":{"line":7,"column":88},"end":{"line":7,"column":180}},"12":{"start":{"line":9,"column":19},"end":{"line":41,"column":1}},"13":{"start":{"line":10,"column":8},"end":{"line":10,"column":15}},"14":{"start":{"line":11,"column":16},"end":{"line":11,"column":27}},"15":{"start":{"line":13,"column":2},"end":{"line":38,"column":13}},"16":{"start":{"line":15,"column":6},"end":{"line":17,"column":241}},"17":{"start":{"line":18,"column":6},"end":{"line":18,"column":12}},"18":{"start":{"line":20,"column":6},"end":{"line":20,"column":240}},"19":{"start":{"line":21,"column":6},"end":{"line":21,"column":12}},"20":{"start":{"line":23,"column":6},"end":{"line":23,"column":242}},"21":{"start":{"line":24,"column":6},"end":{"line":24,"column":12}},"22":{"start":{"line":26,"column":6},"end":{"line":28,"column":233}},"23":{"start":{"line":29,"column":6},"end":{"line":29,"column":12}},"24":{"start":{"line":31,"column":6},"end":{"line":31,"column":241}},"25":{"start":{"line":32,"column":6},"end":{"line":32,"column":12}},"26":{"start":{"line":34,"column":6},"end":{"line":34,"column":248}},"27":{"start":{"line":35,"column":6},"end":{"line":35,"column":12}},"28":{"start":{"line":37,"column":6},"end":{"line":37,"column":241}},"29":{"start":{"line":38,"column":6},"end":{"line":38,"column":12}},"30":{"start":{"line":40,"column":2},"end":{"line":40,"column":14}},"31":{"start":{"line":44,"column":27},"end":{"line":69,"column":170}},"32":{"start":{"line":44,"column":64},"end":{"line":69,"column":169}},"33":{"start":{"line":55,"column":65},"end":{"line":55,"column":72}},"34":{"start":{"line":55,"column":73},"end":{"line":55,"column":94}},"35":{"start":{"line":56,"column":57},"end":{"line":56,"column":67}},"36":{"start":{"line":56,"column":68},"end":{"line":69,"column":59}},"37":{"start":{"line":83,"column":21},"end":{"line":85,"column":199}},"38":{"start":{"line":83,"column":60},"end":{"line":85,"column":198}},"39":{"start":{"line":90,"column":14},"end":{"line":103,"column":1}},"40":{"start":{"line":91,"column":9},"end":{"line":91,"column":19}},"41":{"start":{"line":91,"column":35},"end":{"line":91,"column":53}},"42":{"start":{"line":91,"column":66},"end":{"line":91,"column":81}},"43":{"start":{"line":92,"column":18},"end":{"line":94,"column":30}},"44":{"start":{"line":95,"column":2},"end":{"line":99,"column":16}},"45":{"start":{"line":105,"column":13},"end":{"line":178,"column":28}},"46":{"start":{"line":182,"column":0},"end":{"line":182,"column":7}},"47":{"start":{"line":182,"column":8},"end":{"line":182,"column":35}}},"fnMap":{"0":{"name":"generateIcon","decl":{"start":{"line":9,"column":28},"end":{"line":9,"column":40}},"loc":{"start":{"line":9,"column":59},"end":{"line":41,"column":1}},"line":9},"1":{"name":"renderWeatherContent","decl":{"start":{"line":44,"column":36},"end":{"line":44,"column":56}},"loc":{"start":{"line":44,"column":63},"end":{"line":69,"column":170}},"line":44},"2":{"name":"keyExtractor","decl":{"start":{"line":55,"column":29},"end":{"line":55,"column":41}},"loc":{"start":{"line":55,"column":55},"end":{"line":55,"column":95}},"line":55},"3":{"name":"renderItem","decl":{"start":{"line":56,"column":27},"end":{"line":56,"column":37}},"loc":{"start":{"line":56,"column":45},"end":{"line":69,"column":60}},"line":56},"4":{"name":"errorRendering","decl":{"start":{"line":83,"column":30},"end":{"line":83,"column":44}},"loc":{"start":{"line":83,"column":59},"end":{"line":85,"column":199}},"line":83},"5":{"name":"Weather","decl":{"start":{"line":90,"column":23},"end":{"line":90,"column":30}},"loc":{"start":{"line":90,"column":38},"end":{"line":103,"column":1}},"line":90}},"branchMap":{"0":{"loc":{"start":{"line":13,"column":2},"end":{"line":38,"column":13}},"type":"switch","locations":[{"start":{"line":14,"column":4},"end":{"line":18,"column":12}},{"start":{"line":19,"column":4},"end":{"line":21,"column":12}},{"start":{"line":22,"column":4},"end":{"line":24,"column":12}},{"start":{"line":25,"column":4},"end":{"line":29,"column":12}},{"start":{"line":30,"column":4},"end":{"line":32,"column":12}},{"start":{"line":33,"column":4},"end":{"line":35,"column":12}},{"start":{"line":36,"column":4},"end":{"line":38,"column":12}}],"line":13},"1":{"loc":{"start":{"line":15,"column":13},"end":{"line":17,"column":240}},"type":"cond-expr","locations":[{"start":{"line":16,"column":6},"end":{"line":16,"column":234}},{"start":{"line":17,"column":6},"end":{"line":17,"column":240}}],"line":15},"2":{"loc":{"start":{"line":26,"column":13},"end":{"line":28,"column":232}},"type":"cond-expr","locations":[{"start":{"line":27,"column":6},"end":{"line":27,"column":233}},{"start":{"line":28,"column":6},"end":{"line":28,"column":232}}],"line":26},"3":{"loc":{"start":{"line":46,"column":4},"end":{"line":69,"column":166}},"type":"cond-expr","locations":[{"start":{"line":47,"column":4},"end":{"line":47,"column":207}},{"start":{"line":49,"column":4},"end":{"line":69,"column":166}}],"line":46},"4":{"loc":{"start":{"line":92,"column":18},"end":{"line":94,"column":30}},"type":"cond-expr","locations":[{"start":{"line":93,"column":2},"end":{"line":93,"column":28}},{"start":{"line":94,"column":2},"end":{"line":94,"column":30}}],"line":92},"5":{"loc":{"start":{"line":97,"column":4},"end":{"line":99,"column":13}},"type":"cond-expr","locations":[{"start":{"line":98,"column":4},"end":{"line":98,"column":217}},{"start":{"line":99,"column":4},"end":{"line":99,"column":13}}],"line":97}},"s":{"0":3,"1":3,"2":3,"3":3,"4":3,"5":3,"6":3,"7":3,"8":3,"9":3,"10":3,"11":3,"12":3,"13":7,"14":7,"15":7,"16":1,"17":1,"18":1,"19":1,"20":1,"21":1,"22":1,"23":1,"24":1,"25":1,"26":1,"27":1,"28":1,"29":1,"30":7,"31":3,"32":8,"33":1,"34":1,"35":7,"36":7,"37":3,"38":2,"39":3,"40":10,"41":10,"42":10,"43":10,"44":10,"45":3,"46":3,"47":3},"f":{"0":7,"1":8,"2":1,"3":7,"4":2,"5":10},"b":{"0":[1,1,1,1,1,1,1],"1":[1,0],"2":[1,0],"3":[5,3],"4":[8,2],"5":[2,8]},"inputSourceMap":null,"_coverageSchema":"1a1c01bbd47fc00a2c39e90264f33305004495a9","hash":"c547506e32391aed649529fada75d5f858d55206"}
,"/Users/yasmakka/Documents/DemoWorkspace/WeatherForecastApp/src/constants/colors.js": {"path":"/Users/yasmakka/Documents/DemoWorkspace/WeatherForecastApp/src/constants/colors.js","statementMap":{"0":{"start":{"line":1,"column":13},"end":{"line":1,"column":75}},"1":{"start":{"line":1,"column":75},"end":{"line":1,"column":100}},"2":{"start":{"line":1,"column":115},"end":{"line":8,"column":17}},"3":{"start":{"line":8,"column":18},"end":{"line":8,"column":45}}},"fnMap":{},"branchMap":{},"s":{"0":4,"1":4,"2":4,"3":4},"f":{},"b":{},"inputSourceMap":null,"_coverageSchema":"1a1c01bbd47fc00a2c39e90264f33305004495a9","hash":"6a0044c053f03fa4e9189d685f96f5dec1ff27d6"}
,"/Users/yasmakka/Documents/DemoWorkspace/WeatherForecastApp/src/navigation/Navigation.js": {"path":"/Users/yasmakka/Documents/DemoWorkspace/WeatherForecastApp/src/navigation/Navigation.js","statementMap":{"0":{"start":{"line":1,"column":42},"end":{"line":1,"column":97}},"1":{"start":{"line":1,"column":98},"end":{"line":1,"column":160}},"2":{"start":{"line":1,"column":160},"end":{"line":1,"column":185}},"3":{"start":{"line":1,"column":198},"end":{"line":1,"column":238}},"4":{"start":{"line":3,"column":14},"end":{"line":3,"column":49}},"5":{"start":{"line":4,"column":13},"end":{"line":4,"column":47}},"6":{"start":{"line":5,"column":21},"end":{"line":5,"column":80}},"7":{"start":{"line":6,"column":21},"end":{"line":6,"column":80}},"8":{"start":{"line":7,"column":14},"end":{"line":7,"column":68}},"9":{"start":{"line":7,"column":81},"end":{"line":7,"column":85}},"10":{"start":{"line":7,"column":101},"end":{"line":7,"column":197}},"11":{"start":{"line":9,"column":21},"end":{"line":9,"column":55}},"12":{"start":{"line":11,"column":24},"end":{"line":17,"column":26}},"13":{"start":{"line":21,"column":17},"end":{"line":30,"column":1}},"14":{"start":{"line":22,"column":2},"end":{"line":27,"column":141}},"15":{"start":{"line":32,"column":0},"end":{"line":32,"column":10}},"16":{"start":{"line":32,"column":11},"end":{"line":32,"column":38}}},"fnMap":{"0":{"name":"Navigation","decl":{"start":{"line":21,"column":26},"end":{"line":21,"column":36}},"loc":{"start":{"line":21,"column":44},"end":{"line":30,"column":1}},"line":21}},"branchMap":{},"s":{"0":1,"1":1,"2":1,"3":1,"4":1,"5":1,"6":1,"7":1,"8":1,"9":1,"10":1,"11":1,"12":1,"13":1,"14":1,"15":1,"16":1},"f":{"0":1},"b":{},"inputSourceMap":null,"_coverageSchema":"1a1c01bbd47fc00a2c39e90264f33305004495a9","hash":"47ca42cd60786c2114262b6f92d50f95dc3aa3af"}
,"/Users/yasmakka/Documents/DemoWorkspace/WeatherForecastApp/src/screens/ZipCodeView.js": {"path":"/Users/yasmakka/Documents/DemoWorkspace/WeatherForecastApp/src/screens/PinCodeScreen.js","statementMap":{"0":{"start":{"line":1,"column":42},"end":{"line":1,"column":97}},"1":{"start":{"line":1,"column":128},"end":{"line":1,"column":184}},"2":{"start":{"line":1,"column":185},"end":{"line":1,"column":247}},"3":{"start":{"line":1,"column":247},"end":{"line":1,"column":272}},"4":{"start":{"line":1,"column":294},"end":{"line":1,"column":365}},"5":{"start":{"line":1,"column":379},"end":{"line":1,"column":420}},"6":{"start":{"line":3,"column":19},"end":{"line":3,"column":42}},"7":{"start":{"line":4,"column":27},"end":{"line":4,"column":59}},"8":{"start":{"line":5,"column":14},"end":{"line":5,"column":68}},"9":{"start":{"line":5,"column":81},"end":{"line":5,"column":85}},"10":{"start":{"line":5,"column":101},"end":{"line":5,"column":197}},"11":{"start":{"line":12,"column":20},"end":{"line":49,"column":1}},"12":{"start":{"line":13,"column":2},"end":{"line":13,"column":26}},"13":{"start":{"line":13,"column":40},"end":{"line":13,"column":82}},"14":{"start":{"line":13,"column":93},"end":{"line":13,"column":106}},"15":{"start":{"line":13,"column":120},"end":{"line":13,"column":133}},"16":{"start":{"line":14,"column":19},"end":{"line":24,"column":3}},"17":{"start":{"line":15,"column":4},"end":{"line":22,"column":5}},"18":{"start":{"line":16,"column":6},"end":{"line":16,"column":54}},"19":{"start":{"line":17,"column":6},"end":{"line":17,"column":19}},"20":{"start":{"line":19,"column":4},"end":{"line":22,"column":5}},"21":{"start":{"line":20,"column":6},"end":{"line":20,"column":56}},"22":{"start":{"line":21,"column":6},"end":{"line":21,"column":19}},"23":{"start":{"line":23,"column":4},"end":{"line":23,"column":16}},"24":{"start":{"line":25,"column":2},"end":{"line":44,"column":199}},"25":{"start":{"line":31,"column":52},"end":{"line":31,"column":79}},"26":{"start":{"line":33,"column":8},"end":{"line":35,"column":11}},"27":{"start":{"line":41,"column":8},"end":{"line":42,"column":11}},"28":{"start":{"line":51,"column":13},"end":{"line":72,"column":21}},"29":{"start":{"line":78,"column":0},"end":{"line":78,"column":13}},"30":{"start":{"line":78,"column":14},"end":{"line":78,"column":41}}},"fnMap":{"0":{"name":"PinCodeScreen","decl":{"start":{"line":12,"column":29},"end":{"line":12,"column":42}},"loc":{"start":{"line":12,"column":50},"end":{"line":49,"column":1}},"line":12},"1":{"name":"validation","decl":{"start":{"line":14,"column":28},"end":{"line":14,"column":38}},"loc":{"start":{"line":14,"column":48},"end":{"line":24,"column":3}},"line":14},"2":{"name":"onChangeText","decl":{"start":{"line":31,"column":29},"end":{"line":31,"column":41}},"loc":{"start":{"line":31,"column":51},"end":{"line":31,"column":80}},"line":31},"3":{"name":"onSubmitEditing","decl":{"start":{"line":32,"column":32},"end":{"line":32,"column":47}},"loc":{"start":{"line":32,"column":50},"end":{"line":36,"column":7}},"line":32},"4":{"name":"onPress","decl":{"start":{"line":40,"column":24},"end":{"line":40,"column":31}},"loc":{"start":{"line":40,"column":34},"end":{"line":43,"column":7}},"line":40}},"branchMap":{"0":{"loc":{"start":{"line":15,"column":4},"end":{"line":22,"column":5}},"type":"if","locations":[{"start":{"line":15,"column":4},"end":{"line":22,"column":5}},{"start":{"line":15,"column":4},"end":{"line":22,"column":5}}],"line":15},"1":{"loc":{"start":{"line":19,"column":4},"end":{"line":22,"column":5}},"type":"if","locations":[{"start":{"line":19,"column":4},"end":{"line":22,"column":5}},{"start":{"line":19,"column":4},"end":{"line":22,"column":5}}],"line":19},"2":{"loc":{"start":{"line":19,"column":8},"end":{"line":19,"column":48}},"type":"binary-expr","locations":[{"start":{"line":19,"column":8},"end":{"line":19,"column":26}},{"start":{"line":19,"column":30},"end":{"line":19,"column":48}}],"line":19},"3":{"loc":{"start":{"line":33,"column":8},"end":{"line":35,"column":10}},"type":"cond-expr","locations":[{"start":{"line":33,"column":30},"end":{"line":34,"column":29}},{"start":{"line":35,"column":8},"end":{"line":35,"column":10}}],"line":33},"4":{"loc":{"start":{"line":41,"column":8},"end":{"line":42,"column":10}},"type":"cond-expr","locations":[{"start":{"line":41,"column":30},"end":{"line":41,"column":94}},{"start":{"line":42,"column":8},"end":{"line":42,"column":10}}],"line":41}},"s":{"0":2,"1":2,"2":2,"3":2,"4":2,"5":2,"6":2,"7":2,"8":2,"9":2,"10":2,"11":2,"12":15,"13":15,"14":15,"15":15,"16":15,"17":2,"18":2,"19":2,"20":0,"21":0,"22":0,"23":0,"24":15,"25":1,"26":1,"27":1,"28":2,"29":2,"30":2},"f":{"0":15,"1":2,"2":1,"3":1,"4":1},"b":{"0":[2,0],"1":[0,0],"2":[0,0],"3":[0,1],"4":[0,1]},"inputSourceMap":null,"_coverageSchema":"1a1c01bbd47fc00a2c39e90264f33305004495a9","hash":"2bfd1ad9a552fe3b0d9a9e08386561eaf7924f50"}
,"/Users/yasmakka/Documents/DemoWorkspace/WeatherForecastApp/src/screens/WeatherView.js": {"path":"/Users/yasmakka/Documents/DemoWorkspace/WeatherForecastApp/src/screens/WeatherView.js","statementMap":{"0":{"start":{"line":1,"column":42},"end":{"line":1,"column":97}},"1":{"start":{"line":1,"column":128},"end":{"line":1,"column":184}},"2":{"start":{"line":1,"column":185},"end":{"line":1,"column":247}},"3":{"start":{"line":1,"column":247},"end":{"line":1,"column":272}},"4":{"start":{"line":1,"column":291},"end":{"line":1,"column":352}},"5":{"start":{"line":1,"column":366},"end":{"line":1,"column":407}},"6":{"start":{"line":2,"column":19},"end":{"line":2,"column":42}},"7":{"start":{"line":3,"column":21},"end":{"line":3,"column":87}},"8":{"start":{"line":4,"column":18},"end":{"line":4,"column":40}},"9":{"start":{"line":5,"column":19},"end":{"line":5,"column":74}},"10":{"start":{"line":6,"column":15},"end":{"line":6,"column":70}},"11":{"start":{"line":6,"column":83},"end":{"line":6,"column":87}},"12":{"start":{"line":6,"column":103},"end":{"line":6,"column":199}},"13":{"start":{"line":9,"column":20},"end":{"line":36,"column":1}},"14":{"start":{"line":10,"column":10},"end":{"line":10,"column":21}},"15":{"start":{"line":10,"column":35},"end":{"line":10,"column":51}},"16":{"start":{"line":11,"column":2},"end":{"line":11,"column":72}},"17":{"start":{"line":11,"column":49},"end":{"line":11,"column":70}},"18":{"start":{"line":11,"column":80},"end":{"line":11,"column":97}},"19":{"start":{"line":11,"column":113},"end":{"line":11,"column":138}},"20":{"start":{"line":11,"column":151},"end":{"line":11,"column":173}},"21":{"start":{"line":12,"column":17},"end":{"line":12,"column":47}},"22":{"start":{"line":13,"column":12},"end":{"line":13,"column":32}},"23":{"start":{"line":15,"column":2},"end":{"line":17,"column":17}},"24":{"start":{"line":16,"column":4},"end":{"line":16,"column":16}},"25":{"start":{"line":19,"column":18},"end":{"line":23,"column":13}},"26":{"start":{"line":19,"column":78},"end":{"line":22,"column":134}},"27":{"start":{"line":19,"column":141},"end":{"line":22,"column":104}},"28":{"start":{"line":19,"column":152},"end":{"line":22,"column":103}},"29":{"start":{"line":19,"column":199},"end":{"line":19,"column":217}},"30":{"start":{"line":19,"column":217},"end":{"line":20,"column":55}},"31":{"start":{"line":20,"column":62},"end":{"line":20,"column":90}},"32":{"start":{"line":21,"column":12},"end":{"line":22,"column":61}},"33":{"start":{"line":22,"column":79},"end":{"line":22,"column":102}},"34":{"start":{"line":25,"column":2},"end":{"line":30,"column":134}},"35":{"start":{"line":38,"column":0},"end":{"line":38,"column":13}},"36":{"start":{"line":38,"column":14},"end":{"line":38,"column":41}}},"fnMap":{"0":{"name":"WeatherScreen","decl":{"start":{"line":9,"column":29},"end":{"line":9,"column":42}},"loc":{"start":{"line":9,"column":50},"end":{"line":36,"column":1}},"line":9},"1":{"name":"(anonymous_1)","decl":{"start":{"line":11,"column":31},"end":{"line":11,"column":32}},"loc":{"start":{"line":11,"column":48},"end":{"line":11,"column":71}},"line":11},"2":{"name":"(anonymous_2)","decl":{"start":{"line":15,"column":24},"end":{"line":15,"column":25}},"loc":{"start":{"line":15,"column":36},"end":{"line":17,"column":3}},"line":15},"3":{"name":"_callee","decl":{"start":{"line":19,"column":51},"end":{"line":19,"column":58}},"loc":{"start":{"line":19,"column":61},"end":{"line":22,"column":135}},"line":19},"4":{"name":"_callee$","decl":{"start":{"line":19,"column":121},"end":{"line":19,"column":129}},"loc":{"start":{"line":19,"column":140},"end":{"line":22,"column":105}},"line":19}},"branchMap":{"0":{"loc":{"start":{"line":19,"column":152},"end":{"line":22,"column":103}},"type":"switch","locations":[{"start":{"line":19,"column":192},"end":{"line":20,"column":55}},{"start":{"line":20,"column":55},"end":{"line":22,"column":61}},{"start":{"line":22,"column":61},"end":{"line":22,"column":68}},{"start":{"line":22,"column":68},"end":{"line":22,"column":102}}],"line":19},"1":{"loc":{"start":{"line":21,"column":21},"end":{"line":22,"column":59}},"type":"cond-expr","locations":[{"start":{"line":21,"column":35},"end":{"line":21,"column":74}},{"start":{"line":22,"column":12},"end":{"line":22,"column":59}}],"line":21}},"s":{"0":2,"1":2,"2":2,"3":2,"4":2,"5":2,"6":2,"7":2,"8":2,"9":2,"10":2,"11":2,"12":2,"13":2,"14":1,"15":1,"16":1,"17":1,"18":1,"19":1,"20":1,"21":1,"22":1,"23":0,"24":0,"25":0,"26":0,"27":0,"28":0,"29":0,"30":0,"31":0,"32":0,"33":0,"34":0,"35":2,"36":2},"f":{"0":1,"1":1,"2":0,"3":0,"4":0},"b":{"0":[0,0,0,0],"1":[0,0]},"inputSourceMap":null,"_coverageSchema":"1a1c01bbd47fc00a2c39e90264f33305004495a9","hash":"7787ec237462d7ae66803ce20cdf997f9ddffa71"}
,"/Users/yasmakka/Documents/DemoWorkspace/WeatherForecastApp/src/store/actions/WeatherAction.js": {"path":"/Users/yasmakka/Documents/DemoWorkspace/WeatherForecastApp/src/store/actions/WeatherAction.js","statementMap":{"0":{"start":{"line":1,"column":42},"end":{"line":1,"column":97}},"1":{"start":{"line":1,"column":98},"end":{"line":1,"column":160}},"2":{"start":{"line":1,"column":160},"end":{"line":1,"column":387}},"3":{"start":{"line":1,"column":406},"end":{"line":1,"column":467}},"4":{"start":{"line":1,"column":488},"end":{"line":1,"column":564}},"5":{"start":{"line":2,"column":13},"end":{"line":2,"column":53}},"6":{"start":{"line":3,"column":11},"end":{"line":3,"column":58}},"7":{"start":{"line":5,"column":26},"end":{"line":5,"column":47}},"8":{"start":{"line":5,"column":48},"end":{"line":5,"column":98}},"9":{"start":{"line":6,"column":24},"end":{"line":6,"column":43}},"10":{"start":{"line":6,"column":44},"end":{"line":6,"column":90}},"11":{"start":{"line":7,"column":21},"end":{"line":7,"column":37}},"12":{"start":{"line":7,"column":38},"end":{"line":7,"column":78}},"13":{"start":{"line":9,"column":24},"end":{"line":14,"column":1}},"14":{"start":{"line":10,"column":2},"end":{"line":12,"column":17}},"15":{"start":{"line":14,"column":2},"end":{"line":14,"column":48}},"16":{"start":{"line":16,"column":22},"end":{"line":21,"column":1}},"17":{"start":{"line":17,"column":2},"end":{"line":19,"column":33}},"18":{"start":{"line":21,"column":2},"end":{"line":21,"column":44}},"19":{"start":{"line":23,"column":19},"end":{"line":28,"column":1}},"20":{"start":{"line":24,"column":2},"end":{"line":26,"column":27}},"21":{"start":{"line":28,"column":2},"end":{"line":28,"column":38}},"22":{"start":{"line":30,"column":22},"end":{"line":47,"column":1}},"23":{"start":{"line":31,"column":2},"end":{"line":44,"column":166}},"24":{"start":{"line":31,"column":62},"end":{"line":44,"column":164}},"25":{"start":{"line":31,"column":125},"end":{"line":44,"column":129}},"26":{"start":{"line":31,"column":136},"end":{"line":44,"column":128}},"27":{"start":{"line":32,"column":12},"end":{"line":32,"column":63}},"28":{"start":{"line":33,"column":12},"end":{"line":33,"column":41}},"29":{"start":{"line":33,"column":41},"end":{"line":33,"column":59}},"30":{"start":{"line":33,"column":59},"end":{"line":33,"column":77}},"31":{"start":{"line":33,"column":77},"end":{"line":35,"column":80}},"32":{"start":{"line":35,"column":87},"end":{"line":35,"column":112}},"33":{"start":{"line":36,"column":12},"end":{"line":36,"column":42}},"34":{"start":{"line":37,"column":12},"end":{"line":37,"column":42}},"35":{"start":{"line":38,"column":12},"end":{"line":38,"column":55}},"36":{"start":{"line":39,"column":12},"end":{"line":39,"column":59}},"37":{"start":{"line":39,"column":59},"end":{"line":39,"column":78}},"38":{"start":{"line":39,"column":78},"end":{"line":39,"column":84}},"39":{"start":{"line":39,"column":92},"end":{"line":39,"column":111}},"40":{"start":{"line":39,"column":111},"end":{"line":39,"column":146}},"41":{"start":{"line":42,"column":12},"end":{"line":42,"column":58}},"42":{"start":{"line":43,"column":12},"end":{"line":43,"column":44}},"43":{"start":{"line":44,"column":12},"end":{"line":44,"column":85}},"44":{"start":{"line":44,"column":104},"end":{"line":44,"column":127}},"45":{"start":{"line":47,"column":2},"end":{"line":47,"column":44}},"46":{"start":{"line":50,"column":30},"end":{"line":63,"column":1}},"47":{"start":{"line":51,"column":2},"end":{"line":61,"column":89}},"48":{"start":{"line":51,"column":47},"end":{"line":61,"column":87}},"49":{"start":{"line":51,"column":112},"end":{"line":61,"column":57}},"50":{"start":{"line":51,"column":123},"end":{"line":61,"column":56}},"51":{"start":{"line":51,"column":172},"end":{"line":51,"column":191}},"52":{"start":{"line":51,"column":191},"end":{"line":52,"column":52}},"53":{"start":{"line":52,"column":59},"end":{"line":52,"column":81}},"54":{"start":{"line":53,"column":12},"end":{"line":61,"column":13}},"55":{"start":{"line":54,"column":14},"end":{"line":54,"column":46}},"56":{"start":{"line":55,"column":14},"end":{"line":55,"column":114}},"57":{"start":{"line":58,"column":14},"end":{"line":58,"column":44}},"58":{"start":{"line":59,"column":14},"end":{"line":59,"column":44}},"59":{"start":{"line":60,"column":14},"end":{"line":60,"column":60}},"60":{"start":{"line":61,"column":31},"end":{"line":61,"column":55}},"61":{"start":{"line":63,"column":2},"end":{"line":63,"column":60}},"62":{"start":{"line":65,"column":29},"end":{"line":70,"column":125}},"63":{"start":{"line":65,"column":84},"end":{"line":70,"column":124}},"64":{"start":{"line":65,"column":163},"end":{"line":70,"column":90}},"65":{"start":{"line":65,"column":174},"end":{"line":70,"column":89}},"66":{"start":{"line":65,"column":223},"end":{"line":65,"column":242}},"67":{"start":{"line":65,"column":242},"end":{"line":65,"column":261}},"68":{"start":{"line":65,"column":261},"end":{"line":67,"column":79}},"69":{"start":{"line":67,"column":86},"end":{"line":67,"column":105}},"70":{"start":{"line":67,"column":105},"end":{"line":67,"column":111}},"71":{"start":{"line":67,"column":118},"end":{"line":67,"column":137}},"72":{"start":{"line":67,"column":137},"end":{"line":67,"column":174}},"73":{"start":{"line":70,"column":10},"end":{"line":70,"column":46}},"74":{"start":{"line":70,"column":64},"end":{"line":70,"column":88}}},"fnMap":{"0":{"name":"updateWeatherData","decl":{"start":{"line":9,"column":33},"end":{"line":9,"column":50}},"loc":{"start":{"line":9,"column":57},"end":{"line":14,"column":1}},"line":9},"1":{"name":"setErrorMessage","decl":{"start":{"line":16,"column":31},"end":{"line":16,"column":46}},"loc":{"start":{"line":16,"column":61},"end":{"line":21,"column":1}},"line":16},"2":{"name":"setISLoading","decl":{"start":{"line":23,"column":28},"end":{"line":23,"column":40}},"loc":{"start":{"line":23,"column":52},"end":{"line":28,"column":1}},"line":23},"3":{"name":"searchByPincode","decl":{"start":{"line":30,"column":31},"end":{"line":30,"column":46}},"loc":{"start":{"line":30,"column":56},"end":{"line":47,"column":1}},"line":30},"4":{"name":"_callee","decl":{"start":{"line":31,"column":18},"end":{"line":31,"column":25}},"loc":{"start":{"line":31,"column":36},"end":{"line":44,"column":165}},"line":31},"5":{"name":"_callee$","decl":{"start":{"line":31,"column":105},"end":{"line":31,"column":113}},"loc":{"start":{"line":31,"column":124},"end":{"line":44,"column":130}},"line":31},"6":{"name":"getDataFromLocalStorage","decl":{"start":{"line":50,"column":39},"end":{"line":50,"column":62}},"loc":{"start":{"line":50,"column":72},"end":{"line":63,"column":1}},"line":50},"7":{"name":"_callee2","decl":{"start":{"line":51,"column":18},"end":{"line":51,"column":26}},"loc":{"start":{"line":51,"column":37},"end":{"line":61,"column":88}},"line":51},"8":{"name":"_callee2$","decl":{"start":{"line":51,"column":90},"end":{"line":51,"column":99}},"loc":{"start":{"line":51,"column":111},"end":{"line":61,"column":58}},"line":51},"9":{"name":"saveDataInLocalStorage","decl":{"start":{"line":65,"column":38},"end":{"line":65,"column":60}},"loc":{"start":{"line":65,"column":83},"end":{"line":70,"column":125}},"line":65},"10":{"name":"saveDataInLocalStorage$","decl":{"start":{"line":65,"column":127},"end":{"line":65,"column":150}},"loc":{"start":{"line":65,"column":162},"end":{"line":70,"column":91}},"line":65}},"branchMap":{"0":{"loc":{"start":{"line":31,"column":136},"end":{"line":44,"column":128}},"type":"switch","locations":[{"start":{"line":31,"column":176},"end":{"line":35,"column":80}},{"start":{"line":35,"column":80},"end":{"line":39,"column":84}},{"start":{"line":39,"column":84},"end":{"line":44,"column":85}},{"start":{"line":44,"column":85},"end":{"line":44,"column":93}},{"start":{"line":44,"column":93},"end":{"line":44,"column":127}}],"line":31},"1":{"loc":{"start":{"line":51,"column":123},"end":{"line":61,"column":56}},"type":"switch","locations":[{"start":{"line":51,"column":165},"end":{"line":52,"column":52}},{"start":{"line":52,"column":52},"end":{"line":61,"column":13}},{"start":{"line":61,"column":13},"end":{"line":61,"column":20}},{"start":{"line":61,"column":20},"end":{"line":61,"column":55}}],"line":51},"2":{"loc":{"start":{"line":53,"column":12},"end":{"line":61,"column":13}},"type":"if","locations":[{"start":{"line":53,"column":12},"end":{"line":61,"column":13}},{"start":{"line":53,"column":12},"end":{"line":61,"column":13}}],"line":53},"3":{"loc":{"start":{"line":65,"column":174},"end":{"line":70,"column":89}},"type":"switch","locations":[{"start":{"line":65,"column":216},"end":{"line":67,"column":79}},{"start":{"line":67,"column":79},"end":{"line":67,"column":111}},{"start":{"line":67,"column":111},"end":{"line":70,"column":46}},{"start":{"line":70,"column":46},"end":{"line":70,"column":53}},{"start":{"line":70,"column":53},"end":{"line":70,"column":88}}],"line":65}},"s":{"0":4,"1":4,"2":4,"3":4,"4":4,"5":4,"6":4,"7":4,"8":4,"9":4,"10":4,"11":4,"12":4,"13":4,"14":3,"15":4,"16":4,"17":2,"18":4,"19":4,"20":3,"21":4,"22":4,"23":1,"24":1,"25":4,"26":4,"27":1,"28":1,"29":1,"30":1,"31":1,"32":1,"33":1,"34":1,"35":1,"36":0,"37":0,"38":0,"39":1,"40":1,"41":1,"42":0,"43":0,"44":1,"45":4,"46":4,"47":1,"48":1,"49":3,"50":3,"51":1,"52":1,"53":1,"54":1,"55":1,"56":0,"57":0,"58":0,"59":0,"60":1,"61":4,"62":4,"63":0,"64":0,"65":0,"66":0,"67":0,"68":0,"69":0,"70":0,"71":0,"72":0,"73":0,"74":0},"f":{"0":3,"1":2,"2":3,"3":1,"4":1,"5":4,"6":1,"7":1,"8":3,"9":0,"10":0},"b":{"0":[1,1,1,0,1],"1":[1,1,0,1],"2":[1,0],"3":[0,0,0,0,0]},"inputSourceMap":null,"_coverageSchema":"1a1c01bbd47fc00a2c39e90264f33305004495a9","hash":"72891874a19145775c3291f90a6a3491c97b6a9f"}
,"/Users/yasmakka/Documents/DemoWorkspace/WeatherForecastApp/src/store/reducers/WeatherReducers.js": {"path":"/Users/yasmakka/Documents/DemoWorkspace/WeatherForecastApp/src/store/reducers/WeatherReducers.js","statementMap":{"0":{"start":{"line":1,"column":42},"end":{"line":1,"column":97}},"1":{"start":{"line":1,"column":98},"end":{"line":1,"column":160}},"2":{"start":{"line":1,"column":160},"end":{"line":1,"column":185}},"3":{"start":{"line":1,"column":208},"end":{"line":1,"column":280}},"4":{"start":{"line":1,"column":302},"end":{"line":1,"column":337}},"5":{"start":{"line":1,"column":391},"end":{"line":1,"column":410}},"6":{"start":{"line":1,"column":411},"end":{"line":1,"column":656}},"7":{"start":{"line":1,"column":460},"end":{"line":1,"column":496}},"8":{"start":{"line":1,"column":497},"end":{"line":1,"column":624}},"9":{"start":{"line":1,"column":517},"end":{"line":1,"column":624}},"10":{"start":{"line":1,"column":558},"end":{"line":1,"column":621}},"11":{"start":{"line":1,"column":624},"end":{"line":1,"column":655}},"12":{"start":{"line":1,"column":656},"end":{"line":1,"column":668}},"13":{"start":{"line":1,"column":701},"end":{"line":1,"column":1186}},"14":{"start":{"line":1,"column":714},"end":{"line":1,"column":715}},"15":{"start":{"line":1,"column":758},"end":{"line":1,"column":798}},"16":{"start":{"line":1,"column":799},"end":{"line":1,"column":1185}},"17":{"start":{"line":1,"column":811},"end":{"line":1,"column":924}},"18":{"start":{"line":1,"column":865},"end":{"line":1,"column":921}},"19":{"start":{"line":1,"column":931},"end":{"line":1,"column":1185}},"20":{"start":{"line":1,"column":970},"end":{"line":1,"column":1044}},"21":{"start":{"line":1,"column":1052},"end":{"line":1,"column":1184}},"22":{"start":{"line":1,"column":1100},"end":{"line":1,"column":1181}},"23":{"start":{"line":1,"column":1186},"end":{"line":1,"column":1200}},"24":{"start":{"line":3,"column":19},"end":{"line":6,"column":20}},"25":{"start":{"line":9,"column":21},"end":{"line":39,"column":1}},"26":{"start":{"line":9,"column":60},"end":{"line":9,"column":140}},"27":{"start":{"line":9,"column":154},"end":{"line":9,"column":224}},"28":{"start":{"line":10,"column":2},"end":{"line":36,"column":20}},"29":{"start":{"line":12,"column":6},"end":{"line":16,"column":30}},"30":{"start":{"line":20,"column":6},"end":{"line":24,"column":20}},"31":{"start":{"line":28,"column":6},"end":{"line":32,"column":45}},"32":{"start":{"line":36,"column":6},"end":{"line":36,"column":19}},"33":{"start":{"line":41,"column":0},"end":{"line":41,"column":14}},"34":{"start":{"line":41,"column":15},"end":{"line":41,"column":42}}},"fnMap":{"0":{"name":"ownKeys","decl":{"start":{"line":1,"column":347},"end":{"line":1,"column":354}},"loc":{"start":{"line":1,"column":379},"end":{"line":1,"column":669}},"line":1},"1":{"name":"(anonymous_1)","decl":{"start":{"line":1,"column":542},"end":{"line":1,"column":543}},"loc":{"start":{"line":1,"column":557},"end":{"line":1,"column":622}},"line":1},"2":{"name":"_objectSpread","decl":{"start":{"line":1,"column":678},"end":{"line":1,"column":691}},"loc":{"start":{"line":1,"column":700},"end":{"line":1,"column":1201}},"line":1},"3":{"name":"(anonymous_3)","decl":{"start":{"line":1,"column":849},"end":{"line":1,"column":850}},"loc":{"start":{"line":1,"column":864},"end":{"line":1,"column":922}},"line":1},"4":{"name":"(anonymous_4)","decl":{"start":{"line":1,"column":1084},"end":{"line":1,"column":1085}},"loc":{"start":{"line":1,"column":1099},"end":{"line":1,"column":1182}},"line":1},"5":{"name":"WeatherReducer","decl":{"start":{"line":9,"column":30},"end":{"line":9,"column":44}},"loc":{"start":{"line":9,"column":47},"end":{"line":39,"column":1}},"line":9}},"branchMap":{"0":{"loc":{"start":{"line":1,"column":411},"end":{"line":1,"column":656}},"type":"if","locations":[{"start":{"line":1,"column":411},"end":{"line":1,"column":656}},{"start":{"line":1,"column":411},"end":{"line":1,"column":656}}],"line":1},"1":{"loc":{"start":{"line":1,"column":497},"end":{"line":1,"column":624}},"type":"if","locations":[{"start":{"line":1,"column":497},"end":{"line":1,"column":624}},{"start":{"line":1,"column":497},"end":{"line":1,"column":624}}],"line":1},"2":{"loc":{"start":{"line":1,"column":758},"end":{"line":1,"column":798}},"type":"cond-expr","locations":[{"start":{"line":1,"column":781},"end":{"line":1,"column":793}},{"start":{"line":1,"column":796},"end":{"line":1,"column":798}}],"line":1},"3":{"loc":{"start":{"line":1,"column":799},"end":{"line":1,"column":1185}},"type":"if","locations":[{"start":{"line":1,"column":799},"end":{"line":1,"column":1185}},{"start":{"line":1,"column":799},"end":{"line":1,"column":1185}}],"line":1},"4":{"loc":{"start":{"line":1,"column":931},"end":{"line":1,"column":1185}},"type":"if","locations":[{"start":{"line":1,"column":931},"end":{"line":1,"column":1185}},{"start":{"line":1,"column":931},"end":{"line":1,"column":1185}}],"line":1},"5":{"loc":{"start":{"line":9,"column":60},"end":{"line":9,"column":140}},"type":"cond-expr","locations":[{"start":{"line":9,"column":113},"end":{"line":9,"column":125}},{"start":{"line":9,"column":128},"end":{"line":9,"column":140}}],"line":9},"6":{"loc":{"start":{"line":9,"column":60},"end":{"line":9,"column":110}},"type":"binary-expr","locations":[{"start":{"line":9,"column":60},"end":{"line":9,"column":80}},{"start":{"line":9,"column":84},"end":{"line":9,"column":110}}],"line":9},"7":{"loc":{"start":{"line":9,"column":154},"end":{"line":9,"column":224}},"type":"cond-expr","locations":[{"start":{"line":9,"column":207},"end":{"line":9,"column":219}},{"start":{"line":9,"column":222},"end":{"line":9,"column":224}}],"line":9},"8":{"loc":{"start":{"line":9,"column":154},"end":{"line":9,"column":204}},"type":"binary-expr","locations":[{"start":{"line":9,"column":154},"end":{"line":9,"column":174}},{"start":{"line":9,"column":178},"end":{"line":9,"column":204}}],"line":9},"9":{"loc":{"start":{"line":10,"column":2},"end":{"line":36,"column":20}},"type":"switch","locations":[{"start":{"line":11,"column":4},"end":{"line":16,"column":30}},{"start":{"line":19,"column":4},"end":{"line":24,"column":20}},{"start":{"line":27,"column":4},"end":{"line":32,"column":45}},{"start":{"line":35,"column":4},"end":{"line":36,"column":19}}],"line":10}},"s":{"0":2,"1":2,"2":2,"3":2,"4":2,"5":6,"6":6,"7":6,"8":6,"9":6,"10":0,"11":6,"12":6,"13":6,"14":6,"15":9,"16":9,"17":6,"18":9,"19":3,"20":3,"21":0,"22":0,"23":6,"24":2,"25":2,"26":7,"27":7,"28":7,"29":1,"30":1,"31":1,"32":4,"33":2,"34":2},"f":{"0":6,"1":0,"2":6,"3":9,"4":0,"5":7},"b":{"0":[6,0],"1":[6,0],"2":[9,0],"3":[6,3],"4":[3,0],"5":[3,4],"6":[7,7],"7":[7,0],"8":[7,7],"9":[1,1,1,4]},"inputSourceMap":null,"_coverageSchema":"1a1c01bbd47fc00a2c39e90264f33305004495a9","hash":"440af29bd386cc20a7f2f84cf82ce426383af140"}
,"/Users/yasmakka/Documents/DemoWorkspace/WeatherForecastApp/src/utils/NetworkInfo.js": {"path":"/Users/yasmakka/Documents/DemoWorkspace/WeatherForecastApp/src/utils/NetworkInfo.js","statementMap":{"0":{"start":{"line":1,"column":42},"end":{"line":1,"column":97}},"1":{"start":{"line":1,"column":98},"end":{"line":1,"column":160}},"2":{"start":{"line":1,"column":160},"end":{"line":1,"column":185}},"3":{"start":{"line":1,"column":204},"end":{"line":1,"column":265}},"4":{"start":{"line":1,"column":289},"end":{"line":1,"column":361}},"5":{"start":{"line":1,"column":382},"end":{"line":1,"column":451}},"6":{"start":{"line":1,"column":467},"end":{"line":1,"column":533}},"7":{"start":{"line":3,"column":14},"end":{"line":6,"column":169}},"8":{"start":{"line":3,"column":51},"end":{"line":3,"column":100}},"9":{"start":{"line":3,"column":101},"end":{"line":6,"column":147}},"10":{"start":{"line":4,"column":48},"end":{"line":6,"column":141}},"11":{"start":{"line":4,"column":122},"end":{"line":6,"column":111}},"12":{"start":{"line":4,"column":133},"end":{"line":6,"column":110}},"13":{"start":{"line":4,"column":180},"end":{"line":4,"column":198}},"14":{"start":{"line":4,"column":198},"end":{"line":5,"column":40}},"15":{"start":{"line":5,"column":47},"end":{"line":5,"column":72}},"16":{"start":{"line":5,"column":72},"end":{"line":6,"column":68}},"17":{"start":{"line":6,"column":86},"end":{"line":6,"column":109}},"18":{"start":{"line":6,"column":147},"end":{"line":6,"column":166}},"19":{"start":{"line":6,"column":170},"end":{"line":6,"column":200}}},"fnMap":{"0":{"name":"(anonymous_0)","decl":{"start":{"line":3,"column":14},"end":{"line":3,"column":15}},"loc":{"start":{"line":3,"column":26},"end":{"line":6,"column":167}},"line":3},"1":{"name":"NetworkInfo","decl":{"start":{"line":3,"column":36},"end":{"line":3,"column":47}},"loc":{"start":{"line":3,"column":50},"end":{"line":3,"column":101}},"line":3},"2":{"name":"isNetworkAvailable","decl":{"start":{"line":4,"column":13},"end":{"line":4,"column":31}},"loc":{"start":{"line":4,"column":34},"end":{"line":6,"column":142}},"line":4},"3":{"name":"isNetworkAvailable$","decl":{"start":{"line":4,"column":91},"end":{"line":4,"column":110}},"loc":{"start":{"line":4,"column":121},"end":{"line":6,"column":112}},"line":4}},"branchMap":{"0":{"loc":{"start":{"line":4,"column":133},"end":{"line":6,"column":110}},"type":"switch","locations":[{"start":{"line":4,"column":173},"end":{"line":5,"column":40}},{"start":{"line":5,"column":40},"end":{"line":6,"column":68}},{"start":{"line":6,"column":68},"end":{"line":6,"column":75}},{"start":{"line":6,"column":75},"end":{"line":6,"column":109}}],"line":4},"1":{"loc":{"start":{"line":6,"column":14},"end":{"line":6,"column":66}},"type":"binary-expr","locations":[{"start":{"line":6,"column":14},"end":{"line":6,"column":34}},{"start":{"line":6,"column":38},"end":{"line":6,"column":66}}],"line":6}},"s":{"0":3,"1":3,"2":3,"3":3,"4":3,"5":3,"6":3,"7":3,"8":0,"9":3,"10":3,"11":9,"12":9,"13":3,"14":3,"15":3,"16":3,"17":3,"18":3,"19":3},"f":{"0":3,"1":0,"2":3,"3":9},"b":{"0":[3,3,0,3],"1":[3,2]},"inputSourceMap":null,"_coverageSchema":"1a1c01bbd47fc00a2c39e90264f33305004495a9","hash":"26dc8d385608707756e242bd78e8ab880c23207b"}
,"/Users/yasmakka/Documents/DemoWorkspace/WeatherForecastApp/src/utils/Utils.js": {"path":"/Users/yasmakka/Documents/DemoWorkspace/WeatherForecastApp/src/utils/Utils.js","statementMap":{"0":{"start":{"line":1,"column":42},"end":{"line":1,"column":97}},"1":{"start":{"line":1,"column":98},"end":{"line":1,"column":160}},"2":{"start":{"line":1,"column":160},"end":{"line":1,"column":185}},"3":{"start":{"line":1,"column":199},"end":{"line":1,"column":240}},"4":{"start":{"line":3,"column":12},"end":{"line":12,"column":5}},"5":{"start":{"line":5,"column":22},"end":{"line":5,"column":41}},"6":{"start":{"line":6,"column":4},"end":{"line":6,"column":42}},"7":{"start":{"line":7,"column":4},"end":{"line":7,"column":23}},"8":{"start":{"line":10,"column":21},"end":{"line":10,"column":73}},"9":{"start":{"line":11,"column":4},"end":{"line":11,"column":22}},"10":{"start":{"line":15,"column":0},"end":{"line":15,"column":5}},"11":{"start":{"line":15,"column":6},"end":{"line":15,"column":33}}},"fnMap":{"0":{"name":"toCelsius","decl":{"start":{"line":4,"column":22},"end":{"line":4,"column":31}},"loc":{"start":{"line":4,"column":44},"end":{"line":8,"column":3}},"line":4},"1":{"name":"dateToFormat","decl":{"start":{"line":9,"column":25},"end":{"line":9,"column":37}},"loc":{"start":{"line":9,"column":50},"end":{"line":12,"column":3}},"line":9}},"branchMap":{},"s":{"0":4,"1":4,"2":4,"3":4,"4":4,"5":8,"6":8,"7":8,"8":8,"9":8,"10":4,"11":4},"f":{"0":8,"1":8},"b":{},"inputSourceMap":null,"_coverageSchema":"1a1c01bbd47fc00a2c39e90264f33305004495a9","hash":"57e9a6aa49838053dbfe6171d7c9b839ff88f9fd"}
}
