TN:
SF:App.js
FN:18,App
FNF:1
FNH:1
FNDA:1,App
DA:1,1
DA:2,1
DA:3,1
DA:4,1
DA:5,1
DA:6,1
DA:7,1
DA:8,1
DA:10,1
DA:14,1
DA:16,1
DA:18,1
DA:19,1
DA:26,1
LF:14
LH:14
BRF:0
BRH:0
end_of_record
TN:
SF:api.js
FNF:0
FNH:0
DA:1,4
DA:6,4
LF:2
LH:2
BRF:0
BRH:0
end_of_record
TN:
SF:src/component/Weather.js
FN:9,generateIcon
FN:44,renderWeatherContent
FN:55,keyExtractor
FN:56,renderItem
FN:83,errorRendering
FN:90,Weather
FNF:6
FNH:6
FNDA:7,generateIcon
FNDA:8,renderWeatherContent
FNDA:1,keyExtractor
FNDA:7,renderItem
FNDA:2,errorRendering
FNDA:10,Weather
DA:1,3
DA:2,3
DA:3,3
DA:4,3
DA:5,3
DA:6,3
DA:7,3
DA:9,3
DA:10,7
DA:11,7
DA:13,7
DA:15,1
DA:18,1
DA:20,1
DA:21,1
DA:23,1
DA:24,1
DA:26,1
DA:29,1
DA:31,1
DA:32,1
DA:34,1
DA:35,1
DA:37,1
DA:38,1
DA:40,7
DA:44,8
DA:55,1
DA:56,7
DA:83,3
DA:90,3
DA:91,10
DA:92,10
DA:95,10
DA:105,3
DA:182,3
LF:36
LH:36
BRDA:13,0,0,1
BRDA:13,0,1,1
BRDA:13,0,2,1
BRDA:13,0,3,1
BRDA:13,0,4,1
BRDA:13,0,5,1
BRDA:13,0,6,1
BRDA:15,1,0,1
BRDA:15,1,1,0
BRDA:26,2,0,1
BRDA:26,2,1,0
BRDA:46,3,0,5
BRDA:46,3,1,3
BRDA:92,4,0,8
BRDA:92,4,1,2
BRDA:97,5,0,2
BRDA:97,5,1,8
BRF:17
BRH:15
end_of_record
TN:
SF:src/constants/colors.js
FNF:0
FNH:0
DA:1,4
DA:8,4
LF:2
LH:2
BRF:0
BRH:0
end_of_record
TN:
SF:src/navigation/Navigation.js
FN:21,Navigation
FNF:1
FNH:1
FNDA:1,Navigation
DA:1,1
DA:3,1
DA:4,1
DA:5,1
DA:6,1
DA:7,1
DA:9,1
DA:11,1
DA:21,1
DA:22,1
DA:32,1
LF:11
LH:11
BRF:0
BRH:0
end_of_record
TN:
SF:src/screens/PinCodeScreen.js
FN:12,PinCodeScreen
FN:14,validation
FN:31,onChangeText
FN:32,onSubmitEditing
FN:40,onPress
FNF:5
FNH:5
FNDA:15,PinCodeScreen
FNDA:2,validation
FNDA:1,onChangeText
FNDA:1,onSubmitEditing
FNDA:1,onPress
DA:1,2
DA:3,2
DA:4,2
DA:5,2
DA:12,2
DA:13,15
DA:14,15
DA:15,2
DA:16,2
DA:17,2
DA:19,0
DA:20,0
DA:21,0
DA:23,0
DA:25,15
DA:31,1
DA:33,1
DA:41,1
DA:51,2
DA:78,2
LF:20
LH:16
BRDA:15,0,0,2
BRDA:15,0,1,0
BRDA:19,1,0,0
BRDA:19,1,1,0
BRDA:19,2,0,0
BRDA:19,2,1,0
BRDA:33,3,0,0
BRDA:33,3,1,1
BRDA:41,4,0,0
BRDA:41,4,1,1
BRF:10
BRH:3
end_of_record
TN:
SF:src/screens/WeatherScreen.js
FN:9,WeatherScreen
FN:11,(anonymous_1)
FN:15,(anonymous_2)
FN:19,_callee
FN:19,_callee$
FNF:5
FNH:2
FNDA:1,WeatherScreen
FNDA:1,(anonymous_1)
FNDA:0,(anonymous_2)
FNDA:0,_callee
FNDA:0,_callee$
DA:1,2
DA:2,2
DA:3,2
DA:4,2
DA:5,2
DA:6,2
DA:9,2
DA:10,1
DA:11,1
DA:12,1
DA:13,1
DA:15,0
DA:16,0
DA:19,0
DA:20,0
DA:21,0
DA:22,0
DA:25,0
DA:38,2
LF:19
LH:12
BRDA:19,0,0,0
BRDA:19,0,1,0
BRDA:19,0,2,0
BRDA:19,0,3,0
BRDA:21,1,0,0
BRDA:21,1,1,0
BRF:6
BRH:0
end_of_record
TN:
SF:src/store/actions/WeatherAction.js
FN:9,updateWeatherData
FN:16,setErrorMessage
FN:23,setISLoading
FN:30,searchByPincode
FN:31,_callee
FN:31,_callee$
FN:50,getDataFromLocalStorage
FN:51,_callee2
FN:51,_callee2$
FN:65,saveDataInLocalStorage
FN:65,saveDataInLocalStorage$
FNF:11
FNH:9
FNDA:3,updateWeatherData
FNDA:2,setErrorMessage
FNDA:3,setISLoading
FNDA:1,searchByPincode
FNDA:1,_callee
FNDA:4,_callee$
FNDA:1,getDataFromLocalStorage
FNDA:1,_callee2
FNDA:3,_callee2$
FNDA:0,saveDataInLocalStorage
FNDA:0,saveDataInLocalStorage$
DA:1,4
DA:2,4
DA:3,4
DA:5,4
DA:6,4
DA:7,4
DA:9,4
DA:10,3
DA:14,4
DA:16,4
DA:17,2
DA:21,4
DA:23,4
DA:24,3
DA:28,4
DA:30,4
DA:31,4
DA:32,1
DA:33,1
DA:35,1
DA:36,1
DA:37,1
DA:38,1
DA:39,1
DA:42,1
DA:43,0
DA:44,1
DA:47,4
DA:50,4
DA:51,3
DA:52,1
DA:53,1
DA:54,1
DA:55,0
DA:58,0
DA:59,0
DA:60,0
DA:61,1
DA:63,4
DA:65,4
DA:67,0
DA:70,0
LF:42
LH:35
BRDA:31,0,0,1
BRDA:31,0,1,1
BRDA:31,0,2,1
BRDA:31,0,3,0
BRDA:31,0,4,1
BRDA:51,1,0,1
BRDA:51,1,1,1
BRDA:51,1,2,0
BRDA:51,1,3,1
BRDA:53,2,0,1
BRDA:53,2,1,0
BRDA:65,3,0,0
BRDA:65,3,1,0
BRDA:65,3,2,0
BRDA:65,3,3,0
BRDA:65,3,4,0
BRF:16
BRH:8
end_of_record
TN:
SF:src/store/reducers/WeatherReducer.js
FN:1,ownKeys
FN:1,(anonymous_1)
FN:1,_objectSpread
FN:1,(anonymous_3)
FN:1,(anonymous_4)
FN:9,WeatherReducer
FNF:6
FNH:4
FNDA:6,ownKeys
FNDA:0,(anonymous_1)
FNDA:6,_objectSpread
FNDA:9,(anonymous_3)
FNDA:0,(anonymous_4)
FNDA:7,WeatherReducer
DA:1,9
DA:3,2
DA:9,7
DA:10,7
DA:12,1
DA:20,1
DA:28,1
DA:36,4
DA:41,2
LF:9
LH:9
BRDA:1,0,0,6
BRDA:1,0,1,0
BRDA:1,1,0,6
BRDA:1,1,1,0
BRDA:1,2,0,9
BRDA:1,2,1,0
BRDA:1,3,0,6
BRDA:1,3,1,3
BRDA:1,4,0,3
BRDA:1,4,1,0
BRDA:9,5,0,3
BRDA:9,5,1,4
BRDA:9,6,0,7
BRDA:9,6,1,7
BRDA:9,7,0,7
BRDA:9,7,1,0
BRDA:9,8,0,7
BRDA:9,8,1,7
BRDA:10,9,0,1
BRDA:10,9,1,1
BRDA:10,9,2,1
BRDA:10,9,3,4
BRF:22
BRH:17
end_of_record
TN:
SF:src/utils/NetworkInfo.js
FN:3,(anonymous_0)
FN:3,NetworkInfo
FN:4,isNetworkAvailable
FN:4,isNetworkAvailable$
FNF:4
FNH:3
FNDA:3,(anonymous_0)
FNDA:0,NetworkInfo
FNDA:3,isNetworkAvailable
FNDA:9,isNetworkAvailable$
DA:1,3
DA:3,3
DA:4,9
DA:5,3
DA:6,3
LF:5
LH:5
BRDA:4,0,0,3
BRDA:4,0,1,3
BRDA:4,0,2,0
BRDA:4,0,3,3
BRDA:6,1,0,3
BRDA:6,1,1,2
BRF:6
BRH:5
end_of_record
TN:
SF:src/utils/Utils.js
FN:4,toCelsius
FN:9,dateToFormat
FNF:2
FNH:2
FNDA:8,toCelsius
FNDA:8,dateToFormat
DA:1,4
DA:3,4
DA:5,8
DA:6,8
DA:7,8
DA:10,8
DA:11,8
DA:15,4
LF:8
LH:8
BRF:0
BRH:0
end_of_record
